Arguments: 
  C:\Program Files\nodejs\node.exe C:\Users\Ahmed\AppData\Roaming\npm\node_modules\yarn\bin\yarn.js install --production --no-optional

PATH: 
  C:\projects\roia-backend\roia-backend\node_modules\.bin;C:\projects\roia-backend\node_modules\.bin;C:\projects\node_modules\.bin;C:\node_modules\.bin;C:\Program Files\nodejs;C:\Users\Ahmed\AppData\Roaming\npm-cache\_npx\14612;C:\Program Files\Eclipse Foundation\jdk-11.0.12.7-hotspot\bin;C:\Program Files (x86)\Common Files\Oracle\Java\javapath;C:\Windows\system32;C:\Windows;C:\Windows\System32\Wbem;C:\Windows\System32\WindowsPowerShell\v1.0\;C:\Windows\System32\OpenSSH\;C:\Program Files\Git\cmd;C:\xampp\php;C:\ProgramData\ComposerSetup\bin;C:\Program Files (x86)\GitExtensions\;C:\Program Files\Java\jre1.8.0_281\bin;C:\Program Files\PuTTY\;C:\Program Files\nodejs\;C:\Users\Ahmed\AppData\Local\Microsoft\WindowsApps;C:\Users\Ahmed\AppData\Local\Programs\Microsoft VS Code\bin;C:\Users\Ahmed\AppData\Roaming\Composer\vendor\bin;C:\src\flutter\bin;C:\Program Files\Java\jre1.8.0_281;C:\Users\Ahmed\AppData\Roaming\npm

Yarn version: 
  1.22.17

Node version: 
  14.18.1

Platform: 
  win32 x64

Trace: 
  Error: unexpected end of file
      at Zlib.zlibOnError [as onerror] (zlib.js:187:17)

npm manifest: 
  {
    "name": "roia-backend",
    "private": true,
    "version": "0.1.0",
    "description": "A Strapi application",
    "scripts": {
      "develop": "strapi develop",
      "start": "strapi start",
      "build": "strapi build",
      "strapi": "strapi"
    },
    "devDependencies": {},
    "dependencies": {
      "@strapi/strapi": "4.1.0",
      "@strapi/plugin-users-permissions": "4.1.0",
      "@strapi/plugin-i18n": "4.1.0",
      "mysql": "2.18.1"
    },
    "author": {
      "name": "A Strapi developer"
    },
    "strapi": {
      "uuid": "c37f35ce-aa25-412b-8f44-ca262823d5b2"
    },
    "engines": {
      "node": ">=12.x.x <=16.x.x",
      "npm": ">=6.0.0"
    },
    "license": "MIT"
  }

yarn manifest: 
  No manifest

Lockfile: 
  No lockfile
